[ 2016-06-06T17:22:13+08:00 ] 127.0.0.1 /index.php?s=/admin
INFO: [ app_init ] --START--
INFO: Run Behavior\BuildLiteBehavior [ RunTime:0.000046s ]
SQL: SHOW COLUMNS FROM `wp_hooks` [ RunTime:0.0016s ]
SQL: SELECT `name`,`addons` FROM `wp_hooks`  [ RunTime:0.0006s ]
SQL: SHOW COLUMNS FROM `wp_addons` [ RunTime:0.0017s ]
SQL: SELECT `id`,`name` FROM `wp_addons` WHERE `status` = 1 AND `name` IN ('ReturnTop')  [ RunTime:0.0006s ]
SQL: SHOW COLUMNS FROM `wp_plugin` [ RunTime:0.0013s ]
SQL: SELECT `id`,`name` FROM `wp_plugin` WHERE `status` = 1 AND `name` IN ('ReturnTop')  [ RunTime:0.0005s ]
SQL: SELECT `id`,`name` FROM `wp_addons` WHERE `status` = 1 AND `name` IN ('SocialComment')  [ RunTime:0.0005s ]
SQL: SELECT `id`,`name` FROM `wp_plugin` WHERE `status` = 1 AND `name` IN ('SocialComment')  [ RunTime:0.0002s ]
SQL: SELECT `id`,`name` FROM `wp_addons` WHERE `status` = 1 AND `name` IN ('Editor')  [ RunTime:0.0002s ]
SQL: SELECT `id`,`name` FROM `wp_plugin` WHERE `status` = 1 AND `name` IN ('Editor')  [ RunTime:0.0002s ]
SQL: SELECT `id`,`name` FROM `wp_addons` WHERE `status` = 1 AND `name` IN ('EditorForAdmin')  [ RunTime:0.0002s ]
SQL: SELECT `id`,`name` FROM `wp_plugin` WHERE `status` = 1 AND `name` IN ('EditorForAdmin')  [ RunTime:0.0002s ]
SQL: SELECT `id`,`name` FROM `wp_addons` WHERE `status` = 1 AND `name` IN ('SiteStat','SystemInfo','DevTeam')  [ RunTime:0.0008s ]
SQL: SELECT `id`,`name` FROM `wp_plugin` WHERE `status` = 1 AND `name` IN ('SiteStat','SystemInfo','DevTeam')  [ RunTime:0.0007s ]
SQL: SELECT `id`,`name` FROM `wp_addons` WHERE `status` = 1 AND `name` IN ('Editor')  [ RunTime:0.0003s ]
SQL: SELECT `id`,`name` FROM `wp_plugin` WHERE `status` = 1 AND `name` IN ('Editor')  [ RunTime:0.0005s ]
SQL: SELECT `id`,`name` FROM `wp_addons` WHERE `status` = 1 AND `name` IN ('Vote','Wecome','UserCenter','WeiSite','Hitegg','Leaflets','CustomReply','Survey','Diy','CustomMenu','Invite','Game','Ask','Forms','CardVouchers','RedBag','Guess','WishCard','RealPrize','ConfigureAccount','BusinessCard','AutoReply','Payment','Comment','ShopCoupon','Coupon','Card','SingIn','Reserve','Wuguai','Sms','Exam','Test','Draw','YaoTV','Analysis','Weiba','QrAdmin')  [ RunTime:0.0012s ]
SQL: SELECT `id`,`name` FROM `wp_plugin` WHERE `status` = 1 AND `name` IN ('Vote','Wecome','UserCenter','WeiSite','Hitegg','Leaflets','CustomReply','Survey','Diy','CustomMenu','Invite','Game','Ask','Forms','CardVouchers','RedBag','Guess','WishCard','RealPrize','ConfigureAccount','BusinessCard','AutoReply','Payment','Comment','ShopCoupon','Coupon','Card','SingIn','Reserve','Wuguai','Sms','Exam','Test','Draw','YaoTV','Analysis','Weiba','QrAdmin')  [ RunTime:0.0009s ]
SQL: SELECT `id`,`name` FROM `wp_addons` WHERE `status` = 1 AND `name` IN ('Cascade')  [ RunTime:0.0006s ]
SQL: SELECT `id`,`name` FROM `wp_plugin` WHERE `status` = 1 AND `name` IN ('Cascade')  [ RunTime:0.0003s ]
SQL: SELECT `id`,`name` FROM `wp_addons` WHERE `status` = 1 AND `name` IN ('Diy')  [ RunTime:0.0004s ]
SQL: SELECT `id`,`name` FROM `wp_plugin` WHERE `status` = 1 AND `name` IN ('Diy')  [ RunTime:0.0007s ]
SQL: SELECT `id`,`name` FROM `wp_addons` WHERE `status` = 1 AND `name` IN ('DynamicSelect')  [ RunTime:0.0005s ]
SQL: SELECT `id`,`name` FROM `wp_plugin` WHERE `status` = 1 AND `name` IN ('DynamicSelect')  [ RunTime:0.0004s ]
SQL: SELECT `id`,`name` FROM `wp_addons` WHERE `status` = 1 AND `name` IN ('News')  [ RunTime:0.0005s ]
SQL: SELECT `id`,`name` FROM `wp_plugin` WHERE `status` = 1 AND `name` IN ('News')  [ RunTime:0.0004s ]
SQL: SELECT `id`,`name` FROM `wp_addons` WHERE `status` = 1 AND `name` IN ('DynamicCheckbox')  [ RunTime:0.0006s ]
SQL: SELECT `id`,`name` FROM `wp_plugin` WHERE `status` = 1 AND `name` IN ('DynamicCheckbox')  [ RunTime:0.0006s ]
SQL: SELECT `id`,`name` FROM `wp_addons` WHERE `status` = 1 AND `name` IN ('Material')  [ RunTime:0.0007s ]
SQL: SELECT `id`,`name` FROM `wp_plugin` WHERE `status` = 1 AND `name` IN ('Material')  [ RunTime:0.0004s ]
SQL: SELECT `id`,`name` FROM `wp_addons` WHERE `status` = 1 AND `name` IN ('Prize')  [ RunTime:0.0004s ]
SQL: SELECT `id`,`name` FROM `wp_plugin` WHERE `status` = 1 AND `name` IN ('Prize')  [ RunTime:0.0005s ]
INFO: Run Common\Behavior\InitHookBehavior [ RunTime:0.115749s ]
INFO: [ app_init ] --END-- [ RunTime:0.116604s ]
INFO: [ app_begin ] --START--
INFO: Run Behavior\ReadHtmlCacheBehavior [ RunTime:0.001276s ]
INFO: [ app_begin ] --END-- [ RunTime:0.001481s ]
SQL: SHOW COLUMNS FROM `wp_config` [ RunTime:0.0016s ]
SQL: SELECT `type`,`name`,`value` FROM `wp_config` WHERE `status` = 1  [ RunTime:0.0010s ]
SQL: SELECT `value` FROM `wp_config` WHERE ( name="FOLLOW_YOUKE_UID" ) LIMIT 1   [ RunTime:0.0006s ]
SQL: UPDATE `wp_config` SET `value`='-19030' WHERE ( name="FOLLOW_YOUKE_UID" ) [ RunTime:0.0005s ]
SQL: SHOW COLUMNS FROM `wp_user` [ RunTime:0.0030s ]
NOTIC: [8] Undefined index: uid D:\wamp\www\weiphp\ThinkPHP\Library\Think\Controller.class.php 第 529 行.
SQL: SHOW COLUMNS FROM `wp_auth_group_access` [ RunTime:0.0020s ]
SQL: SELECT a.uid,a.group_id,g.title,g.rules FROM wp_auth_group_access a INNER JOIN wp_auth_group g on a.group_id=g.id  WHERE ( a.uid='-19030' and g.status='1' )  [ RunTime:0.0013s ]
SQL: SHOW COLUMNS FROM `wp_manager_menu` [ RunTime:0.0015s ]
SQL: SELECT * FROM `wp_addons` WHERE `status` = 1  [ RunTime:0.0011s ]
SQL: SHOW COLUMNS FROM `wp_addons` [ RunTime:0.0009s ]
SQL: SHOW COLUMNS FROM `wp_public` [ RunTime:0.0021s ]
SQL: SELECT `id`,`token` FROM `wp_public`  [ RunTime:0.0004s ]
NOTIC: [2] Invalid argument supplied for foreach() D:\wamp\www\weiphp\Application\Common\Model\PublicModel.class.php 第 31 行.
NOTIC: [8] Undefined index: addon_status D:\wamp\www\weiphp\Application\Common\Model\AddonStatusModel.class.php 第 47 行.
NOTIC: [8] Undefined index: group_id D:\wamp\www\weiphp\Application\Common\Model\AddonStatusModel.class.php 第 50 行.
NOTIC: [8] Undefined variable: addons D:\wamp\www\weiphp\Application\Common\Common\function.php 第 501 行.
NOTIC: [8] Undefined variable: addons D:\wamp\www\weiphp\Application\Common\Common\function.php 第 501 行.
NOTIC: [8] Undefined variable: addons D:\wamp\www\weiphp\Application\Common\Common\function.php 第 501 行.
NOTIC: [8] Undefined variable: addons D:\wamp\www\weiphp\Application\Common\Common\function.php 第 501 行.
NOTIC: [8] Undefined variable: addons D:\wamp\www\weiphp\Application\Common\Common\function.php 第 501 行.
NOTIC: [8] Undefined variable: addons D:\wamp\www\weiphp\Application\Common\Common\function.php 第 501 行.
NOTIC: [8] Undefined variable: addons D:\wamp\www\weiphp\Application\Common\Common\function.php 第 501 行.
NOTIC: [8] Undefined variable: addons D:\wamp\www\weiphp\Application\Common\Common\function.php 第 501 行.
NOTIC: [8] Undefined variable: addons D:\wamp\www\weiphp\Application\Common\Common\function.php 第 501 行.
NOTIC: [8] Undefined variable: addons D:\wamp\www\weiphp\Application\Common\Common\function.php 第 501 行.
NOTIC: [8] Undefined variable: addons D:\wamp\www\weiphp\Application\Common\Common\function.php 第 501 行.
NOTIC: [8] Undefined variable: addons D:\wamp\www\weiphp\Application\Common\Common\function.php 第 501 行.
NOTIC: [8] Undefined variable: addons D:\wamp\www\weiphp\Application\Common\Common\function.php 第 501 行.
NOTIC: [8] Undefined variable: addons D:\wamp\www\weiphp\Application\Common\Common\function.php 第 501 行.
NOTIC: [8] Undefined variable: addons D:\wamp\www\weiphp\Application\Common\Common\function.php 第 501 行.
NOTIC: [8] Undefined variable: addons D:\wamp\www\weiphp\Application\Common\Common\function.php 第 501 行.
NOTIC: [8] Undefined variable: addons D:\wamp\www\weiphp\Application\Common\Common\function.php 第 501 行.
NOTIC: [8] Undefined variable: addons D:\wamp\www\weiphp\Application\Common\Common\function.php 第 501 行.
NOTIC: [8] Undefined variable: addons D:\wamp\www\weiphp\Application\Common\Common\function.php 第 501 行.
NOTIC: [8] Undefined variable: addons D:\wamp\www\weiphp\Application\Common\Common\function.php 第 501 行.
NOTIC: [8] Undefined variable: addons D:\wamp\www\weiphp\Application\Common\Common\function.php 第 501 行.
NOTIC: [8] Undefined variable: addons D:\wamp\www\weiphp\Application\Common\Common\function.php 第 501 行.
NOTIC: [8] Undefined variable: addons D:\wamp\www\weiphp\Application\Common\Common\function.php 第 501 行.
NOTIC: [8] Undefined variable: addons D:\wamp\www\weiphp\Application\Common\Common\function.php 第 501 行.
NOTIC: [8] Undefined variable: addons D:\wamp\www\weiphp\Application\Common\Common\function.php 第 501 行.
NOTIC: [8] Undefined variable: addons D:\wamp\www\weiphp\Application\Common\Common\function.php 第 501 行.
NOTIC: [8] Undefined variable: addons D:\wamp\www\weiphp\Application\Common\Common\function.php 第 501 行.
NOTIC: [8] Undefined variable: addons D:\wamp\www\weiphp\Application\Common\Common\function.php 第 501 行.
NOTIC: [8] Undefined variable: addons D:\wamp\www\weiphp\Application\Common\Common\function.php 第 501 行.
NOTIC: [8] Undefined variable: addons D:\wamp\www\weiphp\Application\Common\Common\function.php 第 501 行.
NOTIC: [8] Undefined variable: addons D:\wamp\www\weiphp\Application\Common\Common\function.php 第 501 行.
NOTIC: [8] Undefined variable: addons D:\wamp\www\weiphp\Application\Common\Common\function.php 第 501 行.
NOTIC: [8] Undefined variable: addons D:\wamp\www\weiphp\Application\Common\Common\function.php 第 501 行.
NOTIC: [8] Undefined variable: addons D:\wamp\www\weiphp\Application\Common\Common\function.php 第 501 行.
NOTIC: [8] Undefined variable: addons D:\wamp\www\weiphp\Application\Common\Common\function.php 第 501 行.
NOTIC: [8] Undefined variable: addons D:\wamp\www\weiphp\Application\Common\Common\function.php 第 501 行.
SQL: SELECT * FROM `wp_manager_menu` WHERE `uid` = 0 AND `is_hide` = 0 ORDER BY sort asc, id asc  [ RunTime:0.0006s ]
SQL: SELECT * FROM `wp_manager_menu` WHERE `uid` = 1 AND `is_hide` = 0 ORDER BY sort asc, id asc  [ RunTime:0.0007s ]
NOTIC: [8] Undefined variable: addons D:\wamp\www\weiphp\Application\Common\Common\function.php 第 501 行.
NOTIC: [8] Undefined variable: addons D:\wamp\www\weiphp\Application\Common\Common\function.php 第 501 行.
NOTIC: [8] Undefined variable: addons D:\wamp\www\weiphp\Application\Common\Common\function.php 第 501 行.
NOTIC: [8] Undefined variable: addons D:\wamp\www\weiphp\Application\Common\Common\function.php 第 501 行.
NOTIC: [8] Undefined variable: addons D:\wamp\www\weiphp\Application\Common\Common\function.php 第 501 行.
NOTIC: [8] Undefined variable: addons D:\wamp\www\weiphp\Application\Common\Common\function.php 第 501 行.
NOTIC: [8] Undefined variable: addons D:\wamp\www\weiphp\Application\Common\Common\function.php 第 501 行.
NOTIC: [8] Undefined variable: addons D:\wamp\www\weiphp\Application\Common\Common\function.php 第 501 行.
NOTIC: [8] Undefined variable: addons D:\wamp\www\weiphp\Application\Common\Common\function.php 第 501 行.
NOTIC: [8] Undefined offset: 14 D:\wamp\www\weiphp\Application\Common\Model\ManagerMenuModel.class.php 第 106 行.
NOTIC: [8] Undefined offset: 14 D:\wamp\www\weiphp\Application\Common\Model\ManagerMenuModel.class.php 第 116 行.
NOTIC: [8] Undefined offset: 60 D:\wamp\www\weiphp\Application\Common\Model\ManagerMenuModel.class.php 第 106 行.
NOTIC: [8] Undefined offset: 60 D:\wamp\www\weiphp\Application\Common\Model\ManagerMenuModel.class.php 第 116 行.
NOTIC: [8] Undefined index: side D:\wamp\www\weiphp\Application\Common\Model\ManagerMenuModel.class.php 第 179 行.
NOTIC: [8] Undefined index: side D:\wamp\www\weiphp\Application\Common\Model\ManagerMenuModel.class.php 第 179 行.
NOTIC: [8] Undefined index: side D:\wamp\www\weiphp\Application\Common\Model\ManagerMenuModel.class.php 第 179 行.
NOTIC: [8] Undefined index: side D:\wamp\www\weiphp\Application\Common\Model\ManagerMenuModel.class.php 第 179 行.
NOTIC: [8] Undefined index: side D:\wamp\www\weiphp\Application\Common\Model\ManagerMenuModel.class.php 第 179 行.
NOTIC: [8] Undefined index: side D:\wamp\www\weiphp\Application\Common\Model\ManagerMenuModel.class.php 第 179 行.
NOTIC: [8] Undefined index: side D:\wamp\www\weiphp\Application\Common\Model\ManagerMenuModel.class.php 第 179 行.
NOTIC: [8] Undefined index: side D:\wamp\www\weiphp\Application\Common\Model\ManagerMenuModel.class.php 第 179 行.
NOTIC: [8] Undefined index: side D:\wamp\www\weiphp\Application\Common\Model\ManagerMenuModel.class.php 第 179 行.
NOTIC: [8] Undefined index: side D:\wamp\www\weiphp\Application\Common\Model\ManagerMenuModel.class.php 第 179 行.
NOTIC: [8] Undefined index: side D:\wamp\www\weiphp\Application\Common\Model\ManagerMenuModel.class.php 第 179 行.
NOTIC: [8] Undefined index: side D:\wamp\www\weiphp\Application\Common\Model\ManagerMenuModel.class.php 第 179 行.
NOTIC: [8] Undefined index: side D:\wamp\www\weiphp\Application\Common\Model\ManagerMenuModel.class.php 第 179 行.
NOTIC: [8] Undefined index: side D:\wamp\www\weiphp\Application\Common\Model\ManagerMenuModel.class.php 第 179 行.
NOTIC: [8] Undefined index: side D:\wamp\www\weiphp\Application\Common\Model\ManagerMenuModel.class.php 第 179 行.
NOTIC: [8] Undefined index: side D:\wamp\www\weiphp\Application\Common\Model\ManagerMenuModel.class.php 第 179 行.
NOTIC: [8] Undefined index: side D:\wamp\www\weiphp\Application\Common\Model\ManagerMenuModel.class.php 第 179 行.
NOTIC: [8] Undefined index: side D:\wamp\www\weiphp\Application\Common\Model\ManagerMenuModel.class.php 第 179 行.
NOTIC: [8] Undefined index: side D:\wamp\www\weiphp\Application\Common\Model\ManagerMenuModel.class.php 第 179 行.
NOTIC: [8] Undefined index: side D:\wamp\www\weiphp\Application\Common\Model\ManagerMenuModel.class.php 第 179 行.
NOTIC: [8] Undefined index: side D:\wamp\www\weiphp\Application\Common\Model\ManagerMenuModel.class.php 第 179 行.
NOTIC: [8] Undefined index: side D:\wamp\www\weiphp\Application\Common\Model\ManagerMenuModel.class.php 第 179 行.
NOTIC: [8] Undefined index: side D:\wamp\www\weiphp\Application\Common\Model\ManagerMenuModel.class.php 第 179 行.
NOTIC: [8] Undefined index: side D:\wamp\www\weiphp\Application\Common\Model\ManagerMenuModel.class.php 第 179 行.
NOTIC: [8] Undefined index: side D:\wamp\www\weiphp\Application\Common\Model\ManagerMenuModel.class.php 第 179 行.
NOTIC: [8] Undefined index: side D:\wamp\www\weiphp\Application\Common\Model\ManagerMenuModel.class.php 第 179 行.
NOTIC: [8] Undefined index: side D:\wamp\www\weiphp\Application\Common\Model\ManagerMenuModel.class.php 第 179 行.
NOTIC: [8] Undefined index: side D:\wamp\www\weiphp\Application\Common\Model\ManagerMenuModel.class.php 第 179 行.
NOTIC: [8] Undefined index: side D:\wamp\www\weiphp\Application\Common\Model\ManagerMenuModel.class.php 第 179 行.
NOTIC: [8] Undefined index: side D:\wamp\www\weiphp\Application\Common\Model\ManagerMenuModel.class.php 第 179 行.
NOTIC: [8] Undefined index: side D:\wamp\www\weiphp\Application\Common\Model\ManagerMenuModel.class.php 第 179 行.
NOTIC: [8] Undefined index: side D:\wamp\www\weiphp\Application\Common\Model\ManagerMenuModel.class.php 第 179 行.
NOTIC: [8] Undefined index: side D:\wamp\www\weiphp\Application\Common\Model\ManagerMenuModel.class.php 第 179 行.
NOTIC: [8] Undefined index: side D:\wamp\www\weiphp\Application\Common\Model\ManagerMenuModel.class.php 第 179 行.
NOTIC: [8] Undefined index: side D:\wamp\www\weiphp\Application\Common\Model\ManagerMenuModel.class.php 第 179 行.
NOTIC: [8] Undefined index: side D:\wamp\www\weiphp\Application\Common\Model\ManagerMenuModel.class.php 第 179 行.
NOTIC: [8] Undefined index: side D:\wamp\www\weiphp\Application\Common\Model\ManagerMenuModel.class.php 第 179 行.
NOTIC: [8] Undefined index: side D:\wamp\www\weiphp\Application\Common\Model\ManagerMenuModel.class.php 第 179 行.
NOTIC: [8] Undefined index: side D:\wamp\www\weiphp\Application\Common\Model\ManagerMenuModel.class.php 第 179 行.
NOTIC: [8] Undefined index: side D:\wamp\www\weiphp\Application\Common\Model\ManagerMenuModel.class.php 第 179 行.
NOTIC: [8] Undefined index: side D:\wamp\www\weiphp\Application\Common\Model\ManagerMenuModel.class.php 第 179 行.
NOTIC: [8] Undefined offset: 14 D:\wamp\www\weiphp\Application\Common\Model\ManagerMenuModel.class.php 第 185 行.
SQL: SHOW COLUMNS FROM `wp_public_link` [ RunTime:0.0018s ]
SQL: SELECT * FROM `wp_public_link` WHERE `uid` = 0  [ RunTime:0.0005s ]
NOTIC: [2] Invalid argument supplied for foreach() D:\wamp\www\weiphp\Application\Common\Model\PublicModel.class.php 第 48 行.
NOTIC: [8] Undefined variable: res D:\wamp\www\weiphp\Application\Common\Model\PublicModel.class.php 第 52 行.
SQL: SELECT `id`,`title` FROM `wp_addons` WHERE `status` = 1  [ RunTime:0.0007s ]
SQL: SHOW COLUMNS FROM `wp_attribute` [ RunTime:0.0014s ]
SQL: UPDATE `wp_attribute` SET `extra`='111:帐号配置
93:互动游戏
18:欢迎语
19:微信用户中心
56:自定义菜单
101:微信卡券
39:微官网
42:微信宣传页
48:自定义回复
50:微调研
91:微邀约
97:微抢答
100:通用表单
106:微信红包
107:竞猜
108:微贺卡
110:实物奖励
126:开发者工具箱
128:微名片
130:自动回复
133:支付通
134:投票
137:评论互动
140:没回答的回复
141:工作授权
142:优惠券
143:帮拆礼包
144:会员卡
145:签到
146:微预约
151:短信服务
152:微考试
153:微测试
162:微社区
163:扫码管理
156:比赛抽奖
' WHERE `name` = 'addon_status' [ RunTime:0.0093s ]

[ 2016-06-06T17:22:13+08:00 ] 127.0.0.1 /index.php?s=/Admin/Public/login.html
INFO: [ app_init ] --START--
INFO: Run Behavior\BuildLiteBehavior [ RunTime:0.000043s ]
INFO: Run Common\Behavior\InitHookBehavior [ RunTime:0.004646s ]
INFO: [ app_init ] --END-- [ RunTime:0.005617s ]
INFO: [ app_begin ] --START--
INFO: Run Behavior\ReadHtmlCacheBehavior [ RunTime:0.001237s ]
INFO: [ app_begin ] --END-- [ RunTime:0.001426s ]
NOTIC: [8] Undefined index: uid D:\wamp\www\weiphp\ThinkPHP\Library\Think\Controller.class.php 第 529 行.
SQL: SHOW COLUMNS FROM `wp_auth_group_access` [ RunTime:0.0015s ]
SQL: SELECT a.uid,a.group_id,g.title,g.rules FROM wp_auth_group_access a INNER JOIN wp_auth_group g on a.group_id=g.id  WHERE ( a.uid='-19030' and g.status='1' )  [ RunTime:0.0011s ]
SQL: SELECT `id`,`token` FROM `wp_public`  [ RunTime:0.0008s ]
NOTIC: [2] Invalid argument supplied for foreach() D:\wamp\www\weiphp\Application\Common\Model\PublicModel.class.php 第 31 行.
NOTIC: [8] Undefined index: addon_status D:\wamp\www\weiphp\Application\Common\Model\AddonStatusModel.class.php 第 47 行.
NOTIC: [8] Undefined index: group_id D:\wamp\www\weiphp\Application\Common\Model\AddonStatusModel.class.php 第 50 行.
NOTIC: [8] Undefined variable: addons D:\wamp\www\weiphp\Application\Common\Common\function.php 第 501 行.
NOTIC: [8] Undefined variable: addons D:\wamp\www\weiphp\Application\Common\Common\function.php 第 501 行.
NOTIC: [8] Undefined variable: addons D:\wamp\www\weiphp\Application\Common\Common\function.php 第 501 行.
NOTIC: [8] Undefined variable: addons D:\wamp\www\weiphp\Application\Common\Common\function.php 第 501 行.
NOTIC: [8] Undefined variable: addons D:\wamp\www\weiphp\Application\Common\Common\function.php 第 501 行.
NOTIC: [8] Undefined variable: addons D:\wamp\www\weiphp\Application\Common\Common\function.php 第 501 行.
NOTIC: [8] Undefined variable: addons D:\wamp\www\weiphp\Application\Common\Common\function.php 第 501 行.
NOTIC: [8] Undefined variable: addons D:\wamp\www\weiphp\Application\Common\Common\function.php 第 501 行.
NOTIC: [8] Undefined variable: addons D:\wamp\www\weiphp\Application\Common\Common\function.php 第 501 行.
NOTIC: [8] Undefined variable: addons D:\wamp\www\weiphp\Application\Common\Common\function.php 第 501 行.
NOTIC: [8] Undefined variable: addons D:\wamp\www\weiphp\Application\Common\Common\function.php 第 501 行.
NOTIC: [8] Undefined variable: addons D:\wamp\www\weiphp\Application\Common\Common\function.php 第 501 行.
NOTIC: [8] Undefined variable: addons D:\wamp\www\weiphp\Application\Common\Common\function.php 第 501 行.
NOTIC: [8] Undefined variable: addons D:\wamp\www\weiphp\Application\Common\Common\function.php 第 501 行.
NOTIC: [8] Undefined variable: addons D:\wamp\www\weiphp\Application\Common\Common\function.php 第 501 行.
NOTIC: [8] Undefined variable: addons D:\wamp\www\weiphp\Application\Common\Common\function.php 第 501 行.
NOTIC: [8] Undefined variable: addons D:\wamp\www\weiphp\Application\Common\Common\function.php 第 501 行.
NOTIC: [8] Undefined variable: addons D:\wamp\www\weiphp\Application\Common\Common\function.php 第 501 行.
NOTIC: [8] Undefined variable: addons D:\wamp\www\weiphp\Application\Common\Common\function.php 第 501 行.
NOTIC: [8] Undefined variable: addons D:\wamp\www\weiphp\Application\Common\Common\function.php 第 501 行.
NOTIC: [8] Undefined variable: addons D:\wamp\www\weiphp\Application\Common\Common\function.php 第 501 行.
NOTIC: [8] Undefined variable: addons D:\wamp\www\weiphp\Application\Common\Common\function.php 第 501 行.
NOTIC: [8] Undefined variable: addons D:\wamp\www\weiphp\Application\Common\Common\function.php 第 501 行.
NOTIC: [8] Undefined variable: addons D:\wamp\www\weiphp\Application\Common\Common\function.php 第 501 行.
NOTIC: [8] Undefined variable: addons D:\wamp\www\weiphp\Application\Common\Common\function.php 第 501 行.
NOTIC: [8] Undefined variable: addons D:\wamp\www\weiphp\Application\Common\Common\function.php 第 501 行.
NOTIC: [8] Undefined variable: addons D:\wamp\www\weiphp\Application\Common\Common\function.php 第 501 行.
NOTIC: [8] Undefined variable: addons D:\wamp\www\weiphp\Application\Common\Common\function.php 第 501 行.
NOTIC: [8] Undefined variable: addons D:\wamp\www\weiphp\Application\Common\Common\function.php 第 501 行.
NOTIC: [8] Undefined variable: addons D:\wamp\www\weiphp\Application\Common\Common\function.php 第 501 行.
NOTIC: [8] Undefined variable: addons D:\wamp\www\weiphp\Application\Common\Common\function.php 第 501 行.
NOTIC: [8] Undefined variable: addons D:\wamp\www\weiphp\Application\Common\Common\function.php 第 501 行.
NOTIC: [8] Undefined variable: addons D:\wamp\www\weiphp\Application\Common\Common\function.php 第 501 行.
NOTIC: [8] Undefined variable: addons D:\wamp\www\weiphp\Application\Common\Common\function.php 第 501 行.
NOTIC: [8] Undefined variable: addons D:\wamp\www\weiphp\Application\Common\Common\function.php 第 501 行.
NOTIC: [8] Undefined variable: addons D:\wamp\www\weiphp\Application\Common\Common\function.php 第 501 行.
SQL: SELECT * FROM `wp_manager_menu` WHERE `uid` = -19030 AND `is_hide` = 0 ORDER BY sort asc, id asc  [ RunTime:0.0012s ]
SQL: SELECT * FROM `wp_manager_menu` WHERE `uid` = 1 AND `is_hide` = 0 ORDER BY sort asc, id asc  [ RunTime:0.0011s ]
NOTIC: [8] Undefined variable: addons D:\wamp\www\weiphp\Application\Common\Common\function.php 第 501 行.
NOTIC: [8] Undefined variable: addons D:\wamp\www\weiphp\Application\Common\Common\function.php 第 501 行.
NOTIC: [8] Undefined variable: addons D:\wamp\www\weiphp\Application\Common\Common\function.php 第 501 行.
NOTIC: [8] Undefined variable: addons D:\wamp\www\weiphp\Application\Common\Common\function.php 第 501 行.
NOTIC: [8] Undefined variable: addons D:\wamp\www\weiphp\Application\Common\Common\function.php 第 501 行.
NOTIC: [8] Undefined variable: addons D:\wamp\www\weiphp\Application\Common\Common\function.php 第 501 行.
NOTIC: [8] Undefined variable: addons D:\wamp\www\weiphp\Application\Common\Common\function.php 第 501 行.
NOTIC: [8] Undefined variable: addons D:\wamp\www\weiphp\Application\Common\Common\function.php 第 501 行.
NOTIC: [8] Undefined variable: addons D:\wamp\www\weiphp\Application\Common\Common\function.php 第 501 行.
NOTIC: [8] Undefined offset: 14 D:\wamp\www\weiphp\Application\Common\Model\ManagerMenuModel.class.php 第 106 行.
NOTIC: [8] Undefined offset: 14 D:\wamp\www\weiphp\Application\Common\Model\ManagerMenuModel.class.php 第 116 行.
NOTIC: [8] Undefined offset: 60 D:\wamp\www\weiphp\Application\Common\Model\ManagerMenuModel.class.php 第 106 行.
NOTIC: [8] Undefined offset: 60 D:\wamp\www\weiphp\Application\Common\Model\ManagerMenuModel.class.php 第 116 行.
NOTIC: [8] Undefined index: side D:\wamp\www\weiphp\Application\Common\Model\ManagerMenuModel.class.php 第 179 行.
NOTIC: [8] Undefined index: side D:\wamp\www\weiphp\Application\Common\Model\ManagerMenuModel.class.php 第 179 行.
NOTIC: [8] Undefined index: side D:\wamp\www\weiphp\Application\Common\Model\ManagerMenuModel.class.php 第 179 行.
NOTIC: [8] Undefined index: side D:\wamp\www\weiphp\Application\Common\Model\ManagerMenuModel.class.php 第 179 行.
NOTIC: [8] Undefined index: side D:\wamp\www\weiphp\Application\Common\Model\ManagerMenuModel.class.php 第 179 行.
NOTIC: [8] Undefined index: side D:\wamp\www\weiphp\Application\Common\Model\ManagerMenuModel.class.php 第 179 行.
NOTIC: [8] Undefined index: side D:\wamp\www\weiphp\Application\Common\Model\ManagerMenuModel.class.php 第 179 行.
NOTIC: [8] Undefined index: side D:\wamp\www\weiphp\Application\Common\Model\ManagerMenuModel.class.php 第 179 行.
NOTIC: [8] Undefined index: side D:\wamp\www\weiphp\Application\Common\Model\ManagerMenuModel.class.php 第 179 行.
NOTIC: [8] Undefined index: side D:\wamp\www\weiphp\Application\Common\Model\ManagerMenuModel.class.php 第 179 行.
NOTIC: [8] Undefined index: side D:\wamp\www\weiphp\Application\Common\Model\ManagerMenuModel.class.php 第 179 行.
NOTIC: [8] Undefined index: side D:\wamp\www\weiphp\Application\Common\Model\ManagerMenuModel.class.php 第 179 行.
NOTIC: [8] Undefined index: side D:\wamp\www\weiphp\Application\Common\Model\ManagerMenuModel.class.php 第 179 行.
NOTIC: [8] Undefined index: side D:\wamp\www\weiphp\Application\Common\Model\ManagerMenuModel.class.php 第 179 行.
NOTIC: [8] Undefined index: side D:\wamp\www\weiphp\Application\Common\Model\ManagerMenuModel.class.php 第 179 行.
NOTIC: [8] Undefined index: side D:\wamp\www\weiphp\Application\Common\Model\ManagerMenuModel.class.php 第 179 行.
NOTIC: [8] Undefined index: side D:\wamp\www\weiphp\Application\Common\Model\ManagerMenuModel.class.php 第 179 行.
NOTIC: [8] Undefined index: side D:\wamp\www\weiphp\Application\Common\Model\ManagerMenuModel.class.php 第 179 行.
NOTIC: [8] Undefined index: side D:\wamp\www\weiphp\Application\Common\Model\ManagerMenuModel.class.php 第 179 行.
NOTIC: [8] Undefined index: side D:\wamp\www\weiphp\Application\Common\Model\ManagerMenuModel.class.php 第 179 行.
NOTIC: [8] Undefined index: side D:\wamp\www\weiphp\Application\Common\Model\ManagerMenuModel.class.php 第 179 行.
NOTIC: [8] Undefined index: side D:\wamp\www\weiphp\Application\Common\Model\ManagerMenuModel.class.php 第 179 行.
NOTIC: [8] Undefined index: side D:\wamp\www\weiphp\Application\Common\Model\ManagerMenuModel.class.php 第 179 行.
NOTIC: [8] Undefined index: side D:\wamp\www\weiphp\Application\Common\Model\ManagerMenuModel.class.php 第 179 行.
NOTIC: [8] Undefined index: side D:\wamp\www\weiphp\Application\Common\Model\ManagerMenuModel.class.php 第 179 行.
NOTIC: [8] Undefined index: side D:\wamp\www\weiphp\Application\Common\Model\ManagerMenuModel.class.php 第 179 行.
NOTIC: [8] Undefined index: side D:\wamp\www\weiphp\Application\Common\Model\ManagerMenuModel.class.php 第 179 行.
NOTIC: [8] Undefined index: side D:\wamp\www\weiphp\Application\Common\Model\ManagerMenuModel.class.php 第 179 行.
NOTIC: [8] Undefined index: side D:\wamp\www\weiphp\Application\Common\Model\ManagerMenuModel.class.php 第 179 行.
NOTIC: [8] Undefined index: side D:\wamp\www\weiphp\Application\Common\Model\ManagerMenuModel.class.php 第 179 行.
NOTIC: [8] Undefined index: side D:\wamp\www\weiphp\Application\Common\Model\ManagerMenuModel.class.php 第 179 行.
NOTIC: [8] Undefined index: side D:\wamp\www\weiphp\Application\Common\Model\ManagerMenuModel.class.php 第 179 行.
NOTIC: [8] Undefined index: side D:\wamp\www\weiphp\Application\Common\Model\ManagerMenuModel.class.php 第 179 行.
NOTIC: [8] Undefined index: side D:\wamp\www\weiphp\Application\Common\Model\ManagerMenuModel.class.php 第 179 行.
NOTIC: [8] Undefined index: side D:\wamp\www\weiphp\Application\Common\Model\ManagerMenuModel.class.php 第 179 行.
NOTIC: [8] Undefined index: side D:\wamp\www\weiphp\Application\Common\Model\ManagerMenuModel.class.php 第 179 行.
NOTIC: [8] Undefined index: side D:\wamp\www\weiphp\Application\Common\Model\ManagerMenuModel.class.php 第 179 行.
NOTIC: [8] Undefined index: side D:\wamp\www\weiphp\Application\Common\Model\ManagerMenuModel.class.php 第 179 行.
NOTIC: [8] Undefined index: side D:\wamp\www\weiphp\Application\Common\Model\ManagerMenuModel.class.php 第 179 行.
NOTIC: [8] Undefined index: side D:\wamp\www\weiphp\Application\Common\Model\ManagerMenuModel.class.php 第 179 行.
NOTIC: [8] Undefined index: side D:\wamp\www\weiphp\Application\Common\Model\ManagerMenuModel.class.php 第 179 行.
NOTIC: [8] Undefined offset: 14 D:\wamp\www\weiphp\Application\Common\Model\ManagerMenuModel.class.php 第 185 行.
SQL: SELECT * FROM `wp_public_link` WHERE `uid` = -19030  [ RunTime:0.0010s ]
NOTIC: [2] Invalid argument supplied for foreach() D:\wamp\www\weiphp\Application\Common\Model\PublicModel.class.php 第 48 行.
NOTIC: [8] Undefined variable: res D:\wamp\www\weiphp\Application\Common\Model\PublicModel.class.php 第 52 行.
INFO: [ view_parse ] --START--
INFO: [ template_filter ] --START--
INFO: Run Behavior\ContentReplaceBehavior [ RunTime:0.000221s ]
INFO: [ template_filter ] --END-- [ RunTime:0.000441s ]
INFO: Run Behavior\ParseTemplateBehavior [ RunTime:0.016076s ]
INFO: [ view_parse ] --END-- [ RunTime:0.016300s ]
INFO: [ view_filter ] --START--
INFO: Run Behavior\WriteHtmlCacheBehavior [ RunTime:0.000816s ]
INFO: [ view_filter ] --END-- [ RunTime:0.001003s ]
INFO: [ app_end ] --START--
INFO: Run Behavior\ShowPageTraceBehavior [ RunTime:0.001071s ]
INFO: [ app_end ] --END-- [ RunTime:0.001263s ]

